#
# There is insufficient memory for the Java Runtime Environment to continue.
# Native memory allocation (malloc) failed to allocate 1052016 bytes for Chunk::new
# Possible reasons:
#   The system is out of physical RAM or swap space
#   In 32 bit mode, the process size limit was hit
# Possible solutions:
#   Reduce memory load on the system
#   Increase physical memory or swap space
#   Check if swap backing store is full
#   Use 64 bit Java on a 64 bit OS
#   Decrease Java heap size (-Xmx/-Xms)
#   Decrease number of Java threads
#   Decrease Java thread stack sizes (-Xss)
#   Set larger code cache with -XX:ReservedCodeCacheSize=
# This output file may be truncated or incomplete.
#
#  Out of Memory Error (allocation.cpp:390), pid=11104, tid=0x0000000000000718
#
# JRE version: OpenJDK Runtime Environment (8.0_152-b01) (build 1.8.0_152-release-915-b01)
# Java VM: OpenJDK 64-Bit Server VM (25.152-b01 mixed mode windows-amd64 compressed oops)
# Failed to write core dump. Minidumps are not enabled by default on client versions of Windows
#

---------------  T H R E A D  ---------------

Current thread (0x000000001892a800):  JavaThread "C2 CompilerThread0" daemon [_thread_in_native, id=1816, stack(0x000000001a380000,0x000000001a480000)]

Stack: [0x000000001a380000,0x000000001a480000]
[error occurred during error reporting (printing stack bounds), id 0xc0000005]

Native frames: (J=compiled Java code, j=interpreted, Vv=VM code, C=native code)


Current CompileTask:
C2:1151433 19161       4       java.io.WinNTFileSystem::canonicalize (372 bytes)


---------------  P R O C E S S  ---------------

Java Threads: ( => current thread )
  0x00000000200eb000 JavaThread "Task worker for ':' Thread 3" [_thread_blocked, id=13292, stack(0x00000000310a0000,0x00000000311a0000)]
  0x00000000200ec800 JavaThread "Task worker for ':' Thread 2" [_thread_blocked, id=13240, stack(0x0000000030fa0000,0x00000000310a0000)]
  0x00000000200ea800 JavaThread "Task worker for ':'" [_thread_blocked, id=7584, stack(0x0000000030ea0000,0x0000000030fa0000)]
  0x00000000200ed800 JavaThread "Cache worker for task history cache (C:\Users\Liangming\AndroidStudioProjects\pazbapp\.gradle\4.1\taskHistory)" [_thread_blocked, id=7200, stack(0x0000000030da0000,0x0000000030ea0000)]
  0x00000000200e9800 JavaThread "Cache worker for file content cache (C:\Users\Liangming\AndroidStudioProjects\pazbapp\.gradle\4.1\fileContent)" [_thread_blocked, id=6136, stack(0x0000000030ca0000,0x0000000030da0000)]
  0x00000000200e9000 JavaThread "build operations Thread 4" [_thread_in_native, id=11072, stack(0x0000000030ba0000,0x0000000030ca0000)]
  0x00000000200e7800 JavaThread "build operations Thread 3" [_thread_blocked, id=13200, stack(0x0000000030aa0000,0x0000000030ba0000)]
  0x00000000200e6800 JavaThread "build operations Thread 2" [_thread_in_native, id=1220, stack(0x00000000309a0000,0x0000000030aa0000)]
  0x00000000200e0000 JavaThread "build operations" [_thread_blocked, id=6880, stack(0x00000000308a0000,0x00000000309a0000)]
  0x00000000200e5000 JavaThread "Cache worker for Artifact transforms cache (C:\Users\Liangming\.gradle\caches\transforms-1)" [_thread_blocked, id=584, stack(0x00000000307a0000,0x00000000308a0000)]
  0x00000000200e1800 JavaThread "Cache worker for file hash cache (C:\Users\Liangming\AndroidStudioProjects\pazbapp\.gradle\4.1\fileHashes)" [_thread_blocked, id=13112, stack(0x00000000306a0000,0x00000000307a0000)]
  0x00000000200e6000 JavaThread "Stdin handler" [_thread_blocked, id=3644, stack(0x00000000305a0000,0x00000000306a0000)]
  0x00000000200e0800 JavaThread "Asynchronous log dispatcher for DefaultDaemonConnection: socket connection from /127.0.0.1:62732 to /127.0.0.1:64121" [_thread_blocked, id=13232, stack(0x00000000304a0000,0x00000000305a0000)]
  0x00000000200df000 JavaThread "Daemon worker Thread 5" [_thread_blocked, id=1660, stack(0x00000000303a0000,0x00000000304a0000)]
  0x00000000200e4800 JavaThread "Cancel handler" [_thread_blocked, id=12652, stack(0x00000000302a0000,0x00000000303a0000)]
  0x00000000200e3000 JavaThread "Handler for socket connection from /127.0.0.1:62732 to /127.0.0.1:64121" [_thread_in_native, id=9932, stack(0x00000000301a0000,0x00000000302a0000)]
  0x00000000200de800 JavaThread "Daemon Thread 5" [_thread_blocked, id=616, stack(0x00000000300a0000,0x00000000301a0000)]
  0x0000000020e71000 JavaThread "Java2D Disposer" daemon [_thread_blocked, id=11440, stack(0x000000002bfa0000,0x000000002c0a0000)]
  0x00000000200e3800 JavaThread "Memory manager" [_thread_blocked, id=9628, stack(0x0000000023560000,0x0000000023660000)]
  0x000000001aa0d800 JavaThread "File lock request listener" [_thread_in_native, id=5216, stack(0x000000001e230000,0x000000001e330000)]
  0x000000001ace2000 JavaThread "Cache worker for file hash cache (C:\Users\Liangming\.gradle\caches\4.1\fileHashes)" [_thread_blocked, id=5132, stack(0x000000001e130000,0x000000001e230000)]
  0x000000001b558800 JavaThread "Daemon periodic checks" [_thread_blocked, id=10276, stack(0x000000001d630000,0x000000001d730000)]
  0x0000000019df5800 JavaThread "Incoming local TCP Connector on port 62732" [_thread_in_native, id=6004, stack(0x000000001d220000,0x000000001d320000)]
  0x0000000019e0f000 JavaThread "Service Thread" daemon [_thread_blocked, id=8696, stack(0x000000001a680000,0x000000001a780000)]
  0x000000001897d800 JavaThread "C1 CompilerThread2" daemon [_thread_blocked, id=3068, stack(0x000000001a580000,0x000000001a680000)]
  0x000000001897a000 JavaThread "C2 CompilerThread1" daemon [_thread_in_native, id=160, stack(0x000000001a480000,0x000000001a580000)]
=>0x000000001892a800 JavaThread "C2 CompilerThread0" daemon [_thread_in_native, id=1816, stack(0x000000001a380000,0x000000001a480000)]
  0x0000000018979800 JavaThread "Attach Listener" daemon [_thread_blocked, id=8784, stack(0x000000001a280000,0x000000001a380000)]
  0x0000000019d88800 JavaThread "Signal Dispatcher" daemon [_thread_blocked, id=1548, stack(0x000000001a180000,0x000000001a280000)]
  0x0000000018908800 JavaThread "Finalizer" daemon [_thread_blocked, id=10860, stack(0x0000000019b80000,0x0000000019c80000)]
  0x0000000004ea0000 JavaThread "Reference Handler" daemon [_thread_blocked, id=7896, stack(0x0000000019a80000,0x0000000019b80000)]
  0x0000000002bbe000 JavaThread "main" [_thread_blocked, id=1276, stack(0x00000000048d0000,0x00000000049d0000)]

Other Threads:
  0x00000000188e5800 VMThread [stack: 0x0000000019980000,0x0000000019a80000] [id=10120]
  0x0000000019e10800 WatcherThread [stack: 0x000000001a780000,0x000000001a880000] [id=8992]

VM state:not at safepoint (normal execution)

VM Mutex/Monitor currently owned by a thread: None

Heap:
 PSYoungGen      total 312320K, used 79274K [0x00000000e0000000, 0x00000000f8a80000, 0x0000000100000000)
  eden space 281600K, 27% used [0x00000000e0000000,0x00000000e4c26970,0x00000000f1300000)
  from space 30720K, 4% used [0x00000000f1300000,0x00000000f1444010,0x00000000f3100000)
  to   space 30208K, 0% used [0x00000000f6d00000,0x00000000f6d00000,0x00000000f8a80000)
 ParOldGen       total 141312K, used 90063K [0x00000000a0000000, 0x00000000a8a00000, 0x00000000e0000000)
  object space 141312K, 63% used [0x00000000a0000000,0x00000000a57f3ff8,0x00000000a8a00000)
 Metaspace       used 81441K, capacity 86202K, committed 86488K, reserved 1124352K
  class space    used 10353K, capacity 11411K, committed 11520K, reserved 1048576K

Card table byte_map: [0x0000000014370000,0x0000000014680000] byte_map_base: 0x0000000013e70000

Marking Bits: (ParMarkBitMap*) 0x0000000073f73950
 Begin Bits: [0x0000000014c80000, 0x0000000016480000)
 End Bits:   [0x0000000016480000, 0x0000000017c80000)

Polling page: 0x0000000002ba0000

CodeCache: size=245760Kb used=52775Kb max_used=52844Kb free=192984Kb
 bounds [0x0000000004fb0000, 0x00000000083a0000, 0x0000000013fb0000]
 total_blobs=16111 nmethods=15157 adapters=866
 compilation: enabled

Compilation events (10 events):
Event: 1151.338 Thread 0x000000001897d800 19227       3       org.gradle.api.internal.artifacts.ivyservice.resolutionstrategy.DefaultCachePolicy$CachedModuleResolutionControl::<init> (12 bytes)
Event: 1151.338 Thread 0x000000001897d800 nmethod 19227 0x0000000008062ad0 code [0x0000000008062c60, 0x0000000008063030]
Event: 1151.338 Thread 0x000000001897d800 19228       3       org.gradle.api.internal.artifacts.ivyservice.resolutionstrategy.DefaultCachePolicy$2::execute (9 bytes)
Event: 1151.338 Thread 0x000000001897d800 nmethod 19228 0x0000000008062310 code [0x00000000080624a0, 0x0000000008062908]
Event: 1151.345 Thread 0x000000001897d800 19229       3       org.gradle.internal.component.external.model.DefaultMutableMavenModuleResolveMetadata::setSnapshotTimestamp (6 bytes)
Event: 1151.346 Thread 0x000000001897d800 nmethod 19229 0x0000000008061fd0 code [0x0000000008062120, 0x0000000008062290]
Event: 1151.361 Thread 0x000000001897d800 19230       1       org.gradle.api.internal.artifacts.ivyservice.DefaultLenientConfiguration::access$000 (5 bytes)
Event: 1151.361 Thread 0x000000001897d800 nmethod 19230 0x0000000008061d10 code [0x0000000008061e60, 0x0000000008061f50]
Event: 1151.361 Thread 0x000000001897d800 19231       1       org.gradle.api.internal.artifacts.ivyservice.DefaultLenientConfiguration::access$100 (5 bytes)
Event: 1151.361 Thread 0x000000001897d800 nmethod 19231 0x0000000008061a50 code [0x0000000008061ba0, 0x0000000008061c90]

GC Heap History (10 events):
Event: 510.226 GC heap before
{Heap before GC invocations=26 (full 3):
 PSYoungGen      total 202752K, used 178469K [0x00000000e0000000, 0x00000000ee980000, 0x0000000100000000)
  eden space 172544K, 99% used [0x00000000e0000000,0x00000000ea87d010,0x00000000ea880000)
  from space 30208K, 19% used [0x00000000ecc00000,0x00000000ed1cc4f0,0x00000000ee980000)
  to   space 33280K, 0% used [0x00000000ea880000,0x00000000ea880000,0x00000000ec900000)
 ParOldGen       total 141312K, used 83800K [0x00000000a0000000, 0x00000000a8a00000, 0x00000000e0000000)
  object space 141312K, 59% used [0x00000000a0000000,0x00000000a51d6248,0x00000000a8a00000)
 Metaspace       used 80615K, capacity 84952K, committed 85080K, reserved 1122304K
  class space    used 10295K, capacity 11272K, committed 11392K, reserved 1048576K
Event: 510.230 GC heap after
Heap after GC invocations=26 (full 3):
 PSYoungGen      total 205824K, used 2711K [0x00000000e0000000, 0x00000000f1e80000, 0x0000000100000000)
  eden space 172544K, 0% used [0x00000000e0000000,0x00000000e0000000,0x00000000ea880000)
  from space 33280K, 8% used [0x00000000ea880000,0x00000000eab25db8,0x00000000ec900000)
  to   space 32768K, 0% used [0x00000000efe80000,0x00000000efe80000,0x00000000f1e80000)
 ParOldGen       total 141312K, used 83800K [0x00000000a0000000, 0x00000000a8a00000, 0x00000000e0000000)
  object space 141312K, 59% used [0x00000000a0000000,0x00000000a51d6248,0x00000000a8a00000)
 Metaspace       used 80615K, capacity 84952K, committed 85080K, reserved 1122304K
  class space    used 10295K, capacity 11272K, committed 11392K, reserved 1048576K
}
Event: 510.247 GC heap before
{Heap before GC invocations=27 (full 3):
 PSYoungGen      total 205824K, used 174575K [0x00000000e0000000, 0x00000000f1e80000, 0x0000000100000000)
  eden space 172544K, 99% used [0x00000000e0000000,0x00000000ea7d5f60,0x00000000ea880000)
  from space 33280K, 8% used [0x00000000ea880000,0x00000000eab25db8,0x00000000ec900000)
  to   space 32768K, 0% used [0x00000000efe80000,0x00000000efe80000,0x00000000f1e80000)
 ParOldGen       total 141312K, used 83800K [0x00000000a0000000, 0x00000000a8a00000, 0x00000000e0000000)
  object space 141312K, 59% used [0x00000000a0000000,0x00000000a51d6248,0x00000000a8a00000)
 Metaspace       used 80617K, capacity 84952K, committed 85080K, reserved 1122304K
  class space    used 10295K, capacity 11272K, committed 11392K, reserved 1048576K
Event: 510.251 GC heap after
Heap after GC invocations=27 (full 3):
 PSYoungGen      total 260096K, used 64K [0x00000000e0000000, 0x00000000f2400000, 0x0000000100000000)
  eden space 227328K, 0% used [0x00000000e0000000,0x00000000e0000000,0x00000000ede00000)
  from space 32768K, 0% used [0x00000000efe80000,0x00000000efe90000,0x00000000f1e80000)
  to   space 33280K, 0% used [0x00000000ede00000,0x00000000ede00000,0x00000000efe80000)
 ParOldGen       total 141312K, used 85652K [0x00000000a0000000, 0x00000000a8a00000, 0x00000000e0000000)
  object space 141312K, 60% used [0x00000000a0000000,0x00000000a53a50d8,0x00000000a8a00000)
 Metaspace       used 80617K, capacity 84952K, committed 85080K, reserved 1122304K
  class space    used 10295K, capacity 11272K, committed 11392K, reserved 1048576K
}
Event: 620.112 GC heap before
{Heap before GC invocations=28 (full 3):
 PSYoungGen      total 260096K, used 227392K [0x00000000e0000000, 0x00000000f2400000, 0x0000000100000000)
  eden space 227328K, 100% used [0x00000000e0000000,0x00000000ede00000,0x00000000ede00000)
  from space 32768K, 0% used [0x00000000efe80000,0x00000000efe90000,0x00000000f1e80000)
  to   space 33280K, 0% used [0x00000000ede00000,0x00000000ede00000,0x00000000efe80000)
 ParOldGen       total 141312K, used 85652K [0x00000000a0000000, 0x00000000a8a00000, 0x00000000e0000000)
  object space 141312K, 60% used [0x00000000a0000000,0x00000000a53a50d8,0x00000000a8a00000)
 Metaspace       used 80836K, capacity 85240K, committed 85336K, reserved 1124352K
  class space    used 10318K, capacity 11328K, committed 11392K, reserved 1048576K
Event: 620.121 GC heap after
Heap after GC invocations=28 (full 3):
 PSYoungGen      total 260608K, used 3628K [0x00000000e0000000, 0x00000000f5480000, 0x0000000100000000)
  eden space 227328K, 0% used [0x00000000e0000000,0x00000000e0000000,0x00000000ede00000)
  from space 33280K, 10% used [0x00000000ede00000,0x00000000ee18b3c0,0x00000000efe80000)
  to   space 32256K, 0% used [0x00000000f3500000,0x00000000f3500000,0x00000000f5480000)
 ParOldGen       total 141312K, used 85692K [0x00000000a0000000, 0x00000000a8a00000, 0x00000000e0000000)
  object space 141312K, 60% used [0x00000000a0000000,0x00000000a53af0d8,0x00000000a8a00000)
 Metaspace       used 80836K, capacity 85240K, committed 85336K, reserved 1124352K
  class space    used 10318K, capacity 11328K, committed 11392K, reserved 1048576K
}
Event: 623.461 GC heap before
{Heap before GC invocations=29 (full 3):
 PSYoungGen      total 260608K, used 229937K [0x00000000e0000000, 0x00000000f5480000, 0x0000000100000000)
  eden space 227328K, 99% used [0x00000000e0000000,0x00000000edd01248,0x00000000ede00000)
  from space 33280K, 10% used [0x00000000ede00000,0x00000000ee18b3c0,0x00000000efe80000)
  to   space 32256K, 0% used [0x00000000f3500000,0x00000000f3500000,0x00000000f5480000)
 ParOldGen       total 141312K, used 85692K [0x00000000a0000000, 0x00000000a8a00000, 0x00000000e0000000)
  object space 141312K, 60% used [0x00000000a0000000,0x00000000a53af0d8,0x00000000a8a00000)
 Metaspace       used 81085K, capacity 85600K, committed 85848K, reserved 1124352K
  class space    used 10327K, capacity 11344K, committed 11392K, reserved 1048576K
Event: 623.474 GC heap after
Heap after GC invocations=29 (full 3):
 PSYoungGen      total 308224K, used 11755K [0x00000000e0000000, 0x00000000f4f00000, 0x0000000100000000)
  eden space 281600K, 0% used [0x00000000e0000000,0x00000000e0000000,0x00000000f1300000)
  from space 26624K, 44% used [0x00000000f3500000,0x00000000f407ae88,0x00000000f4f00000)
  to   space 30720K, 0% used [0x00000000f1300000,0x00000000f1300000,0x00000000f3100000)
 ParOldGen       total 141312K, used 88196K [0x00000000a0000000, 0x00000000a8a00000, 0x00000000e0000000)
  object space 141312K, 62% used [0x00000000a0000000,0x00000000a5621278,0x00000000a8a00000)
 Metaspace       used 81085K, capacity 85600K, committed 85848K, reserved 1124352K
  class space    used 10327K, capacity 11344K, committed 11392K, reserved 1048576K
}
Event: 1150.151 GC heap before
{Heap before GC invocations=30 (full 3):
 PSYoungGen      total 308224K, used 293355K [0x00000000e0000000, 0x00000000f4f00000, 0x0000000100000000)
  eden space 281600K, 100% used [0x00000000e0000000,0x00000000f1300000,0x00000000f1300000)
  from space 26624K, 44% used [0x00000000f3500000,0x00000000f407ae88,0x00000000f4f00000)
  to   space 30720K, 0% used [0x00000000f1300000,0x00000000f1300000,0x00000000f3100000)
 ParOldGen       total 141312K, used 88196K [0x00000000a0000000, 0x00000000a8a00000, 0x00000000e0000000)
  object space 141312K, 62% used [0x00000000a0000000,0x00000000a5621278,0x00000000a8a00000)
 Metaspace       used 81270K, capacity 85808K, committed 85848K, reserved 1124352K
  class space    used 10340K, capacity 11388K, committed 11392K, reserved 1048576K
Event: 1150.158 GC heap after
Heap after GC invocations=30 (full 3):
 PSYoungGen      total 312320K, used 1296K [0x00000000e0000000, 0x00000000f8a80000, 0x0000000100000000)
  eden space 281600K, 0% used [0x00000000e0000000,0x00000000e0000000,0x00000000f1300000)
  from space 30720K, 4% used [0x00000000f1300000,0x00000000f1444010,0x00000000f3100000)
  to   space 30208K, 0% used [0x00000000f6d00000,0x00000000f6d00000,0x00000000f8a80000)
 ParOldGen       total 141312K, used 90063K [0x00000000a0000000, 0x00000000a8a00000, 0x00000000e0000000)
  object space 141312K, 63% used [0x00000000a0000000,0x00000000a57f3ff8,0x00000000a8a00000)
 Metaspace       used 81270K, capacity 85808K, committed 85848K, reserved 1124352K
  class space    used 10340K, capacity 11388K, committed 11392K, reserved 1048576K
}

Deoptimization events (10 events):
Event: 620.752 Thread 0x0000000020e72000 Uncommon trap: reason=class_check action=maybe_recompile pc=0x000000000827e520 method=java.util.Spliterators$ArraySpliterator.tryAdvance(Ljava/util/function/Consumer;)Z @ 49
Event: 620.752 Thread 0x0000000020e72000 Uncommon trap: reason=class_check action=maybe_recompile pc=0x000000000827e520 method=java.util.Spliterators$ArraySpliterator.tryAdvance(Ljava/util/function/Consumer;)Z @ 49
Event: 620.752 Thread 0x0000000020e72000 Uncommon trap: reason=class_check action=maybe_recompile pc=0x000000000827e520 method=java.util.Spliterators$ArraySpliterator.tryAdvance(Ljava/util/function/Consumer;)Z @ 49
Event: 620.752 Thread 0x0000000020e72000 Uncommon trap: reason=class_check action=maybe_recompile pc=0x000000000827e520 method=java.util.Spliterators$ArraySpliterator.tryAdvance(Ljava/util/function/Consumer;)Z @ 49
Event: 621.823 Thread 0x0000000020e78800 Uncommon trap: reason=unstable_if action=reinterpret pc=0x00000000068735e0 method=com.sun.tools.javac.code.Types$19.visitClassType(Lcom/sun/tools/javac/code/Type$ClassType;Ljava/lang/Void;)Lcom/sun/tools/javac/util/List; @ 22
Event: 621.921 Thread 0x0000000020e78800 Uncommon trap: reason=bimorphic action=maybe_recompile pc=0x0000000006948f1c method=com.sun.tools.javac.comp.Annotate.flush()V @ 38
Event: 1150.052 Thread 0x00000000200df000 Uncommon trap: reason=array_check action=maybe_recompile pc=0x0000000005a9d140 method=java.util.ComparableTimSort.reverseRange([Ljava/lang/Object;II)V @ 20
Event: 1150.056 Thread 0x00000000200df000 Uncommon trap: reason=array_check action=maybe_recompile pc=0x0000000005a9d140 method=java.util.ComparableTimSort.reverseRange([Ljava/lang/Object;II)V @ 20
Event: 1150.068 Thread 0x00000000200df000 Uncommon trap: reason=array_check action=maybe_recompile pc=0x0000000005a9d140 method=java.util.ComparableTimSort.reverseRange([Ljava/lang/Object;II)V @ 20
Event: 1150.071 Thread 0x00000000200df000 Uncommon trap: reason=array_check action=maybe_recompile pc=0x0000000005a9d140 method=java.util.ComparableTimSort.reverseRange([Ljava/lang/Object;II)V @ 20

Classes redefined (0 events):
No events

Internal exceptions (10 events):
Event: 1150.717 Thread 0x00000000200df000 Exception <a 'sun/nio/fs/WindowsException'> (0x00000000e2bf0e38) thrown at [D:\src\AOSP-openjdk-cygwin\jdk8u\hotspot\src\share\vm\prims\jni.cpp, line 709]
Event: 1150.717 Thread 0x00000000200df000 Exception <a 'sun/nio/fs/WindowsException'> (0x00000000e2bf18c8) thrown at [D:\src\AOSP-openjdk-cygwin\jdk8u\hotspot\src\share\vm\prims\jni.cpp, line 709]
Event: 1150.717 Thread 0x00000000200df000 Exception <a 'sun/nio/fs/WindowsException'> (0x00000000e2bf3e80) thrown at [D:\src\AOSP-openjdk-cygwin\jdk8u\hotspot\src\share\vm\prims\jni.cpp, line 709]
Event: 1150.717 Thread 0x00000000200df000 Exception <a 'sun/nio/fs/WindowsException'> (0x00000000e2bf49f0) thrown at [D:\src\AOSP-openjdk-cygwin\jdk8u\hotspot\src\share\vm\prims\jni.cpp, line 709]
Event: 1150.718 Thread 0x00000000200df000 Exception <a 'sun/nio/fs/WindowsException'> (0x00000000e2bf6590) thrown at [D:\src\AOSP-openjdk-cygwin\jdk8u\hotspot\src\share\vm\prims\jni.cpp, line 709]
Event: 1150.718 Thread 0x00000000200df000 Exception <a 'sun/nio/fs/WindowsException'> (0x00000000e2bf7140) thrown at [D:\src\AOSP-openjdk-cygwin\jdk8u\hotspot\src\share\vm\prims\jni.cpp, line 709]
Event: 1150.719 Thread 0x00000000200df000 Exception <a 'sun/nio/fs/WindowsException'> (0x00000000e2bf9ac0) thrown at [D:\src\AOSP-openjdk-cygwin\jdk8u\hotspot\src\share\vm\prims\jni.cpp, line 709]
Event: 1150.719 Thread 0x00000000200df000 Exception <a 'sun/nio/fs/WindowsException'> (0x00000000e2bfa698) thrown at [D:\src\AOSP-openjdk-cygwin\jdk8u\hotspot\src\share\vm\prims\jni.cpp, line 709]
Event: 1150.719 Thread 0x00000000200df000 Exception <a 'sun/nio/fs/WindowsException'> (0x00000000e2bfc2b0) thrown at [D:\src\AOSP-openjdk-cygwin\jdk8u\hotspot\src\share\vm\prims\jni.cpp, line 709]
Event: 1150.719 Thread 0x00000000200df000 Exception <a 'sun/nio/fs/WindowsException'> (0x00000000e2bfcec0) thrown at [D:\src\AOSP-openjdk-cygwin\jdk8u\hotspot\src\share\vm\prims\jni.cpp, line 709]

Events (10 events):
Event: 1151.221 Thread 0x000000001897d800 flushing nmethod 0x0000000006baeb10
Event: 1151.221 Thread 0x000000001897d800 flushing nmethod 0x0000000006c385d0
Event: 1151.221 Thread 0x000000001897d800 flushing nmethod 0x0000000006cafe90
Event: 1151.269 Thread 0x00000000200e9800 Thread added: 0x00000000200e9800
Event: 1151.287 Thread 0x00000000200ed800 Thread added: 0x00000000200ed800
Event: 1151.291 Thread 0x00000000200ea800 Thread added: 0x00000000200ea800
Event: 1151.291 Thread 0x00000000200ec800 Thread added: 0x00000000200ec800
Event: 1151.292 Thread 0x00000000200eb000 Thread added: 0x00000000200eb000
Event: 1151.366 Executing VM operation: RevokeBias
Event: 1151.366 Executing VM operation: RevokeBias done


Dynamic libraries:
0x00007ff655900000 - 0x00007ff655931000 	F:\Program Files\Android Studio\jre\bin\java.exe
0x00007ffef8410000 - 0x00007ffef85f0000 	C:\WINDOWS\SYSTEM32\ntdll.dll
0x00007ffef7c90000 - 0x00007ffef7d3e000 	C:\WINDOWS\System32\KERNEL32.DLL
0x00007ffef4ac0000 - 0x00007ffef4d26000 	C:\WINDOWS\System32\KERNELBASE.dll
0x00007ffef5c40000 - 0x00007ffef5ce1000 	C:\WINDOWS\System32\ADVAPI32.dll
0x00007ffef60c0000 - 0x00007ffef615d000 	C:\WINDOWS\System32\msvcrt.dll
0x00007ffef5ec0000 - 0x00007ffef5f1b000 	C:\WINDOWS\System32\sechost.dll
0x00007ffef59d0000 - 0x00007ffef5aef000 	C:\WINDOWS\System32\RPCRT4.dll
0x00007ffef7b00000 - 0x00007ffef7c8f000 	C:\WINDOWS\System32\USER32.dll
0x00007ffef4aa0000 - 0x00007ffef4ac0000 	C:\WINDOWS\System32\win32u.dll
0x00007ffef83b0000 - 0x00007ffef83d8000 	C:\WINDOWS\System32\GDI32.dll
0x00007ffef48b0000 - 0x00007ffef4a43000 	C:\WINDOWS\System32\gdi32full.dll
0x00007ffef4810000 - 0x00007ffef48ab000 	C:\WINDOWS\System32\msvcp_win.dll
0x00007ffef57e0000 - 0x00007ffef58d6000 	C:\WINDOWS\System32\ucrtbase.dll
0x00007ffedbe30000 - 0x00007ffedc099000 	C:\WINDOWS\WinSxS\amd64_microsoft.windows.common-controls_6595b64144ccf1df_6.0.16299.371_none_15c7d1789365a290\COMCTL32.dll
0x00007ffef8080000 - 0x00007ffef8388000 	C:\WINDOWS\System32\combase.dll
0x00007ffef54e0000 - 0x00007ffef5552000 	C:\WINDOWS\System32\bcryptPrimitives.dll
0x00007ffef6620000 - 0x00007ffef664d000 	C:\WINDOWS\System32\IMM32.DLL
0x00007ffeee7c0000 - 0x00007ffeee7eb000 	C:\Program Files\MacType\MacType64.dll
0x00007ffeee7f0000 - 0x00007ffeee83f000 	C:\Program Files\MacType\Easyhk64.dll
0x00007ffeee6c0000 - 0x00007ffeee7be000 	C:\Program Files\MacType\MacType64.Core.dll
0x00000000736d0000 - 0x00000000737a2000 	F:\Program Files\Android Studio\jre\jre\bin\msvcr100.dll
0x00000000737b0000 - 0x0000000073fee000 	F:\Program Files\Android Studio\jre\jre\bin\server\jvm.dll
0x00007ffef7af0000 - 0x00007ffef7af8000 	C:\WINDOWS\System32\PSAPI.DLL
0x00007ffef29c0000 - 0x00007ffef29e3000 	C:\WINDOWS\SYSTEM32\WINMM.dll
0x00007ffef2b40000 - 0x00007ffef2b49000 	C:\WINDOWS\SYSTEM32\WSOCK32.dll
0x00007ffee6c10000 - 0x00007ffee6c1a000 	C:\WINDOWS\SYSTEM32\VERSION.dll
0x00007ffef6160000 - 0x00007ffef61cc000 	C:\WINDOWS\System32\WS2_32.dll
0x00007ffef2990000 - 0x00007ffef29ba000 	C:\WINDOWS\SYSTEM32\winmmbase.dll
0x0000000002ff0000 - 0x000000000303a000 	C:\WINDOWS\System32\cfgmgr32.dll
0x00007ffef2b30000 - 0x00007ffef2b3f000 	F:\Program Files\Android Studio\jre\jre\bin\verify.dll
0x00007ffef1750000 - 0x00007ffef1779000 	F:\Program Files\Android Studio\jre\jre\bin\java.dll
0x00007ffef0200000 - 0x00007ffef0216000 	F:\Program Files\Android Studio\jre\jre\bin\zip.dll
0x00007ffef66b0000 - 0x00007ffef7ae6000 	C:\WINDOWS\System32\SHELL32.dll
0x00007ffef7f30000 - 0x00007ffef7fd6000 	C:\WINDOWS\System32\shcore.dll
0x00007ffef4d30000 - 0x00007ffef5477000 	C:\WINDOWS\System32\windows.storage.dll
0x00007ffef5e60000 - 0x00007ffef5eb1000 	C:\WINDOWS\System32\shlwapi.dll
0x00007ffef47d0000 - 0x00007ffef47e1000 	C:\WINDOWS\System32\kernel.appcore.dll
0x00007ffef4760000 - 0x00007ffef47ac000 	C:\WINDOWS\System32\powrprof.dll
0x00007ffef47b0000 - 0x00007ffef47cb000 	C:\WINDOWS\System32\profapi.dll
0x00007ffef01e0000 - 0x00007ffef01fa000 	F:\Program Files\Android Studio\jre\jre\bin\net.dll
0x00007ffef3f90000 - 0x00007ffef3ff6000 	C:\WINDOWS\system32\mswsock.dll
0x00007ffeee9b0000 - 0x00007ffeee9c1000 	F:\Program Files\Android Studio\jre\jre\bin\nio.dll
0x00007ffeee970000 - 0x00007ffeee98e000 	C:\Users\Liangming\.gradle\native\25\windows-amd64\native-platform.dll
0x00007ffeee960000 - 0x00007ffeee96d000 	F:\Program Files\Android Studio\jre\jre\bin\management.dll
0x00007ffef41b0000 - 0x00007ffef41c7000 	C:\WINDOWS\SYSTEM32\CRYPTSP.dll
0x00007ffef3b90000 - 0x00007ffef3bc3000 	C:\WINDOWS\system32\rsaenh.dll
0x00007ffef42c0000 - 0x00007ffef42e5000 	C:\WINDOWS\SYSTEM32\bcrypt.dll
0x00007ffef4660000 - 0x00007ffef4689000 	C:\WINDOWS\SYSTEM32\USERENV.dll
0x00007ffef41d0000 - 0x00007ffef41db000 	C:\WINDOWS\SYSTEM32\CRYPTBASE.dll
0x00007ffef3d20000 - 0x00007ffef3d59000 	C:\WINDOWS\SYSTEM32\IPHLPAPI.DLL
0x00007ffef59c0000 - 0x00007ffef59c8000 	C:\WINDOWS\System32\NSI.dll
0x00007ffeeb400000 - 0x00007ffeeb416000 	C:\WINDOWS\SYSTEM32\dhcpcsvc6.DLL
0x00007ffeeb500000 - 0x00007ffeeb51a000 	C:\WINDOWS\SYSTEM32\dhcpcsvc.DLL
0x00007ffed7e50000 - 0x00007ffed7fe5000 	F:\Program Files\Android Studio\jre\jre\bin\awt.dll
0x00007ffef7d40000 - 0x00007ffef7e05000 	C:\WINDOWS\System32\OLEAUT32.dll
0x00007ffef1bb0000 - 0x00007ffef2168000 	C:\WINDOWS\SYSTEM32\d2d1.dll
0x00007ffef5610000 - 0x00007ffef57de000 	C:\WINDOWS\System32\CRYPT32.dll
0x00007ffef47f0000 - 0x00007ffef4802000 	C:\WINDOWS\System32\MSASN1.dll
0x00007ffef2bf0000 - 0x00007ffef2c78000 	C:\WINDOWS\SYSTEM32\apphelp.dll
0x00007ffef2fe0000 - 0x00007ffef300a000 	C:\WINDOWS\system32\DWMAPI.DLL
0x00007ffef2f10000 - 0x00007ffef2fa5000 	C:\WINDOWS\system32\uxtheme.dll
0x00007ffef3890000 - 0x00007ffef38c1000 	C:\WINDOWS\SYSTEM32\ntmarta.dll

VM Arguments:
jvm_args: -Xmx1536m -Dfile.encoding=GBK -Duser.country=CN -Duser.language=zh -Duser.variant 
java_command: org.gradle.launcher.daemon.bootstrap.GradleDaemon 4.1
java_class_path (initial): C:\Users\Liangming\.gradle\wrapper\dists\gradle-4.1-all\bzyivzo6n839fup2jbap0tjew\gradle-4.1\lib\gradle-launcher-4.1.jar
Launcher Type: SUN_STANDARD

Environment Variables:
JAVA_HOME=C:\Program Files (x86)\Java\jre1.8.0_65
CLASSPATH=,;C:\jdbc\sqljdbc42.jar;C:\Program Files (x86)\Java\jdk1.8.0_65\lib\dt.jar;C:\Program Files (x86)\Java\jdk1.8.0_65\lib\tools.jar
PATH=C:\ProgramData\Oracle\Java\javapath;C:\Program Files (x86)\Java\jdk1.8.0_65\bin\;C:\Program Files (x86)\NVIDIA Corporation\PhysX\Common;C:\Program Files (x86)\Intel\iCLS Client\;C:\Program Files\Intel\iCLS Client\;C:\WINDOWS\system32;C:\WINDOWS;C:\WINDOWS\System32\Wbem;C:\WINDOWS\System32\WindowsPowerShell\v1.0\;C:\Program Files\IDM Computer Solutions\UltraCompare;C:\Program Files (x86)\MySQL\MySQL Server 5.0\bin;C:\Program Files\MacType;C:\Program Files\Git\cmd;C:\Users\Liangming\AppData\Local\Microsoft\WindowsApps;C:\Users\Liangming\AppData\Local\GitHubDesktop\bin;%USERPROFILE%\AppData\Local\Microsoft\WindowsApps;
USERNAME=Liangming
OS=Windows_NT
PROCESSOR_IDENTIFIER=Intel64 Family 6 Model 69 Stepping 1, GenuineIntel



---------------  S Y S T E M  ---------------

OS: Windows 10.0 , 64 bit Build 16299 (10.0.16299.15)

CPU:total 4 (initial active 4) (2 cores per cpu, 2 threads per core) family 6 model 69 stepping 1, cmov, cx8, fxsr, mmx, sse, sse2, sse3, ssse3, sse4.1, sse4.2, popcnt, avx, avx2, aes, clmul, erms, lzcnt, ht, tsc, tscinvbit, bmi1, bmi2

Memory: 4k page, physical 8294668k(1270816k free), swap 8311052k(5888k free)

vm_info: OpenJDK 64-Bit Server VM (25.152-b01) for windows-amd64 JRE (1.8.0_152-release-915-b01), built by "builder" with MS VC++ 10.0 (VS2010)

time: Mon May 21 18:41:32 2018
elapsed time: 1151 seconds (0d 0h 19m 11s)

